<?xml version="1.0" encoding="UTF-8"?>
<!-- Generated by org.testng.reporters.JUnitReportReporter -->
<testsuite skipped="0" hostname="LAPTOP-VB1A7PI1" name="com.qa.tests.GetApiTest" tests="2" failures="0" timestamp="15 九月 2020 08:43:07 GMT" time="5.677" errors="0">
  <testcase name="postAPITest" time="2.139" classname="com.qa.tests.GetApiTest"/>
  <testcase name="getAPITest" time="3.538" classname="com.qa.tests.GetApiTest"/>
</testsuite> <!-- com.qa.tests.GetApiTest -->
