<?xml version="1.0" encoding="UTF-8"?>
<!-- Generated by org.testng.reporters.JUnitReportReporter -->
<testsuite skipped="0" hostname="LAPTOP-VB1A7PI1" name="com.qa.tests.ExcelTest" tests="2" failures="0" timestamp="15 九月 2020 04:36:47 GMT" time="7.130" errors="0">
  <testcase name="getApi" time="4.187" classname="com.qa.tests.ExcelTest"/>
  <testcase name="postApi" time="2.943" classname="com.qa.tests.ExcelTest"/>
</testsuite> <!-- com.qa.tests.ExcelTest -->
