<?xml version="1.0" encoding="UTF-8"?>
<!-- Generated by org.testng.reporters.JUnitReportReporter -->
<testsuite skipped="0" hostname="LAPTOP-VB1A7PI1" name="com.qa.tests.GetApiTest" tests="2" failures="0" timestamp="15 九月 2020 04:36:47 GMT" time="13.259" errors="0">
  <testcase name="postAPITest" time="11.510" classname="com.qa.tests.GetApiTest"/>
  <testcase name="getAPITest" time="1.749" classname="com.qa.tests.GetApiTest"/>
</testsuite> <!-- com.qa.tests.GetApiTest -->
