<?xml version="1.0" encoding="UTF-8"?>
<!-- Generated by org.testng.reporters.JUnitReportReporter -->
<testsuite skipped="0" hostname="LAPTOP-VB1A7PI1" name="com.qa.tests.ExcelTest" tests="2" failures="0" timestamp="15 九月 2020 08:43:07 GMT" time="4.219" errors="0">
  <testcase name="getApi" time="1.100" classname="com.qa.tests.ExcelTest"/>
  <testcase name="postApi" time="3.119" classname="com.qa.tests.ExcelTest"/>
</testsuite> <!-- com.qa.tests.ExcelTest -->
